<?xml version="1.0" encoding="UTF-8"?>
<!-- Generated by org.testng.reporters.JUnitReportReporter -->
<testsuite hostname="DESKTOP-1QGJOOD" failures="0" tests="3" name="demoTestNG.DependsOnMethod" time="0.026" errors="0" timestamp="2021-07-22T18:05:21 IST" skipped="0">
  <testcase classname="demoTestNG.DependsOnMethod" name="chat" time="0.003"/>
  <system-out/>
  <testcase classname="demoTestNG.DependsOnMethod" name="text" time="0.008"/>
  <system-out/>
  <testcase classname="demoTestNG.DependsOnMethod" name="login" time="0.015"/>
  <system-out/>
</testsuite> <!-- demoTestNG.DependsOnMethod -->
