<?xml version="1.0" encoding="UTF-8"?>
<!-- Generated by org.testng.reporters.JUnitReportReporter -->
<testsuite hostname="DESKTOP-1QGJOOD" failures="0" tests="1" name="demoTestNG.AssertDemo" time="0.014" errors="0" timestamp="2021-07-26T17:09:06 IST" skipped="0">
  <testcase classname="demoTestNG.AssertDemo" name="tc" time="0.014"/>
  <system-out/>
</testsuite> <!-- demoTestNG.AssertDemo -->
