<?xml version="1.0" encoding="UTF-8"?>
<!-- Generated by org.testng.reporters.JUnitReportReporter -->
<testsuite hostname="DESKTOP-1QGJOOD" failures="0" tests="2" name="demoTestNG.MethodParall" time="86.583" errors="0" timestamp="2021-07-23T17:23:57 IST" skipped="0">
  <testcase classname="demoTestNG.MethodParall" name="tc1" time="42.761"/>
  <system-out/>
  <testcase classname="demoTestNG.MethodParall" name="tc2" time="43.822"/>
  <system-out/>
</testsuite> <!-- demoTestNG.MethodParall -->
