<?xml version="1.0" encoding="UTF-8"?>
<!-- Generated by org.testng.reporters.JUnitReportReporter -->
<testsuite hostname="DESKTOP-1QGJOOD" failures="0" tests="1" name="demoTestNG.TestToXml" time="0.013" errors="0" timestamp="2021-07-22T15:57:56 IST" skipped="0">
  <testcase classname="demoTestNG.TestToXml" name="Disp" time="0.013"/>
  <system-out/>
</testsuite> <!-- demoTestNG.TestToXml -->
