<?xml version="1.0" encoding="UTF-8"?>
<!-- Generated by org.testng.reporters.JUnitReportReporter -->
<testsuite hostname="DESKTOP-1QGJOOD" failures="0" tests="5" name="demoTestNG.DPActitime" time="263.654" errors="0" timestamp="2021-07-23T16:52:48 IST" skipped="0">
  <testcase classname="demoTestNG.DPActitime" name="tc" time="52.273"/>
  <system-out/>
  <testcase classname="demoTestNG.DPActitime" name="tc" time="45.009"/>
  <system-out/>
  <testcase classname="demoTestNG.DPActitime" name="tc" time="62.958"/>
  <system-out/>
  <testcase classname="demoTestNG.DPActitime" name="tc" time="54.119"/>
  <system-out/>
  <testcase classname="demoTestNG.DPActitime" name="tc" time="49.295"/>
  <system-out/>
</testsuite> <!-- demoTestNG.DPActitime -->
