<?xml version="1.0" encoding="UTF-8"?>
<!-- Generated by org.testng.reporters.JUnitReportReporter -->
<testsuite hostname="DESKTOP-1QGJOOD" failures="0" tests="1" name="demoTestNG.TestToXml" time="0.006" errors="0" timestamp="03 Aug 2021 06:39:27 GMT" skipped="0">
  <testcase classname="demoTestNG.TestToXml" name="Disp" time="0.006"/>
</testsuite> <!-- demoTestNG.TestToXml -->
