<?xml version="1.0" encoding="UTF-8"?>
<!-- Generated by org.testng.reporters.JUnitReportReporter -->
<testsuite hostname="DESKTOP-1QGJOOD" failures="0" tests="6" name="demoTestNG.Groups" time="0.041" errors="0" timestamp="2021-07-22T18:00:01 IST" skipped="0">
  <testcase classname="demoTestNG.Groups" name="t1" time="0.014"/>
  <system-out/>
  <testcase classname="demoTestNG.Groups" name="t6" time="0.010"/>
  <system-out/>
  <testcase classname="demoTestNG.Groups" name="t3" time="0.005"/>
  <system-out/>
  <testcase classname="demoTestNG.Groups" name="t2" time="0.004"/>
  <system-out/>
  <testcase classname="demoTestNG.Groups" name="t5" time="0.004"/>
  <system-out/>
  <testcase classname="demoTestNG.Groups" name="t4" time="0.004"/>
  <system-out/>
</testsuite> <!-- demoTestNG.Groups -->
