<?xml version="1.0" encoding="UTF-8"?>
<!-- Generated by org.testng.reporters.JUnitReportReporter -->
<testsuite hostname="DESKTOP-1QGJOOD" failures="0" tests="1" name="demoTestNG.parall2" time="23.474" errors="0" timestamp="2021-07-23T17:08:51 IST" skipped="0">
  <testcase classname="demoTestNG.parall2" name="tc2" time="23.474"/>
  <system-out/>
</testsuite> <!-- demoTestNG.parall2 -->
