<?xml version="1.0" encoding="UTF-8"?>
<!-- Generated by org.testng.reporters.JUnitReportReporter -->
<testsuite hostname="DESKTOP-1QGJOOD" failures="0" tests="1" name="demoTestNG.Parall1" time="26.761" errors="0" timestamp="2021-07-23T17:08:51 IST" skipped="0">
  <testcase classname="demoTestNG.Parall1" name="tc1" time="26.761"/>
  <system-out/>
</testsuite> <!-- demoTestNG.Parall1 -->
