<?xml version="1.0" encoding="UTF-8"?>
<!-- Generated by org.testng.reporters.JUnitReportReporter -->
<testsuite hostname="DESKTOP-1QGJOOD" failures="0" tests="1" name="Enabled" time="0.034" errors="0" timestamp="2021-07-22T16:58:02 IST" skipped="0">
  <testcase classname="Enabled" name="tc" time="0.034"/>
  <system-out/>
</testsuite> <!-- Enabled -->
