<?xml version="1.0" encoding="UTF-8"?>
<!-- Generated by org.testng.reporters.JUnitReportReporter -->
<testsuite hostname="DESKTOP-1QGJOOD" failures="0" tests="3" name="demoTestNG.DataProviderP" time="0.022" errors="0" timestamp="2021-07-23T16:37:07 IST" skipped="0">
  <testcase classname="demoTestNG.DataProviderP" name="tc" time="0.012"/>
  <system-out/>
  <testcase classname="demoTestNG.DataProviderP" name="tc" time="0.004"/>
  <system-out/>
  <testcase classname="demoTestNG.DataProviderP" name="tc" time="0.006"/>
  <system-out/>
</testsuite> <!-- demoTestNG.DataProviderP -->
