<?xml version="1.0" encoding="UTF-8"?>
<!-- Generated by org.testng.reporters.JUnitReportReporter -->
<testsuite hostname="DESKTOP-1QGJOOD" failures="0" tests="1" name="demoTestNG.AllBeforeAndAfter" time="0.012" errors="0" timestamp="2021-07-22T17:43:01 IST" skipped="0">
  <testcase classname="demoTestNG.AllBeforeAndAfter" name="tc4" time="0.012"/>
  <system-out/>
</testsuite> <!-- demoTestNG.AllBeforeAndAfter -->
