<?xml version="1.0" encoding="UTF-8"?>
<!-- Generated by org.testng.reporters.JUnitReportReporter -->
<testsuite hostname="DESKTOP-1QGJOOD" failures="0" tests="2" name="demoTestNG.Google" time="181.897" errors="0" timestamp="2021-07-27T12:33:09 IST" skipped="0">
  <testcase classname="demoTestNG.Google" name="tc" time="95.108"/>
  <system-out/>
  <testcase classname="demoTestNG.Google" name="tc" time="86.789"/>
  <system-out/>
</testsuite> <!-- demoTestNG.Google -->
